TN:
SF:src/sharedb-monaco-editor.js
FN:2,Adapter
FN:31,onChange
FN:38,createOpFormChange
FN:40,(anonymous_8)
FNF:4
FNH:3
FNDA:1,Adapter
FNDA:0,onChange
FNDA:1,createOpFormChange
FNDA:1,(anonymous_8)
DA:2,1
DA:3,1
DA:4,1
DA:5,1
DA:6,1
DA:8,1
DA:9,1
DA:32,0
DA:33,0
DA:34,0
DA:35,0
DA:38,1
DA:39,1
DA:40,1
DA:41,1
DA:42,1
DA:43,1
DA:45,0
DA:46,0
DA:47,1
DA:49,0
DA:50,0
DA:51,0
DA:53,1
DA:56,1
LF:25
LH:16
BRDA:2,0,0,0
BRDA:2,0,1,1
BRDA:2,1,0,1
BRDA:2,1,1,0
BRDA:43,2,0,0
BRDA:43,2,1,1
BRDA:43,3,0,1
BRDA:43,3,1,0
BRDA:47,4,0,0
BRDA:47,4,1,1
BRDA:47,5,0,1
BRDA:47,5,1,1
BRF:12
BRH:7
end_of_record
