TN:
SF:src/sharedb-monaco-editor.js
FN:2,Adapter
FN:31,onChange
FN:38,createOpFormChange
FN:40,(anonymous_8)
FNF:4
FNH:3
FNDA:1,Adapter
FNDA:0,onChange
FNDA:5,createOpFormChange
FNDA:6,(anonymous_8)
DA:2,1
DA:3,1
DA:4,1
DA:5,1
DA:6,1
DA:8,1
DA:9,1
DA:32,0
DA:33,0
DA:34,0
DA:35,0
DA:38,5
DA:39,5
DA:40,5
DA:41,6
DA:42,6
DA:43,6
DA:45,1
DA:46,1
DA:47,5
DA:49,1
DA:50,1
DA:51,1
DA:53,4
DA:56,5
LF:25
LH:21
BRDA:2,0,0,0
BRDA:2,0,1,1
BRDA:2,1,0,1
BRDA:2,1,1,0
BRDA:43,2,0,1
BRDA:43,2,1,5
BRDA:43,3,0,6
BRDA:43,3,1,1
BRDA:47,4,0,1
BRDA:47,4,1,4
BRDA:47,5,0,5
BRDA:47,5,1,5
BRF:12
BRH:10
end_of_record
